<?xml version="1.0" encoding="UTF-8"?>
<coverage generated="1682785611592" clover="3.2.0">
  <project timestamp="1682785611592" name="All files">
    <metrics statements="99" coveredstatements="98" conditionals="72" coveredconditionals="63" methods="15" coveredmethods="15" elements="186" coveredelements="176" complexity="0" loc="99" ncloc="99" packages="6" files="7" classes="7"/>
    <package name="src.lib.helpers">
      <metrics statements="10" coveredstatements="10" conditionals="4" coveredconditionals="2" methods="7" coveredmethods="7"/>
      <file name="index.ts" path="/Users/williampeiyuan/Documents/algo-lib/src/lib/helpers/index.ts">
        <metrics statements="10" coveredstatements="10" conditionals="4" coveredconditionals="2" methods="7" coveredmethods="7"/>
        <line num="2" count="24" type="stmt"/>
        <line num="3" count="16" type="stmt"/>
        <line num="4" count="16" type="stmt"/>
        <line num="5" count="212" type="cond" truecount="0" falsecount="1"/>
        <line num="6" count="11" type="cond" truecount="0" falsecount="1"/>
        <line num="8" count="4" type="stmt"/>
        <line num="9" count="136" type="cond" truecount="2" falsecount="0"/>
        <line num="10" count="4" type="stmt"/>
        <line num="11" count="26" type="stmt"/>
        <line num="13" count="4" type="stmt"/>
      </file>
    </package>
    <package name="src.lib.sorts.bubble">
      <metrics statements="19" coveredstatements="19" conditionals="15" coveredconditionals="14" methods="1" coveredmethods="1"/>
      <file name="index.ts" path="/Users/williampeiyuan/Documents/algo-lib/src/lib/sorts/bubble/index.ts">
        <metrics statements="19" coveredstatements="19" conditionals="15" coveredconditionals="14" methods="1" coveredmethods="1"/>
        <line num="13" count="1" type="stmt"/>
        <line num="23" count="6" type="stmt"/>
        <line num="24" count="6" type="cond" truecount="2" falsecount="0"/>
        <line num="25" count="6" type="stmt"/>
        <line num="27" count="6" type="cond" truecount="1" falsecount="0"/>
        <line num="28" count="2" type="stmt"/>
        <line num="31" count="4" type="cond" truecount="2" falsecount="1"/>
        <line num="32" count="4" type="stmt"/>
        <line num="33" count="18" type="stmt"/>
        <line num="34" count="32" type="cond" truecount="2" falsecount="0"/>
        <line num="35" count="32" type="cond" truecount="2" falsecount="0"/>
        <line num="37" count="32" type="cond" truecount="2" falsecount="0"/>
        <line num="38" count="32" type="cond" truecount="2" falsecount="0"/>
        <line num="42" count="32" type="cond" truecount="1" falsecount="0"/>
        <line num="43" count="16" type="stmt"/>
        <line num="47" count="4" type="stmt"/>
        <line num="48" count="4" type="stmt"/>
        <line num="49" count="4" type="stmt"/>
        <line num="52" count="1" type="stmt"/>
      </file>
    </package>
    <package name="src.lib.sorts.insertion">
      <metrics statements="25" coveredstatements="24" conditionals="20" coveredconditionals="15" methods="2" coveredmethods="2"/>
      <file name="index.ts" path="/Users/williampeiyuan/Documents/algo-lib/src/lib/sorts/insertion/index.ts">
        <metrics statements="25" coveredstatements="24" conditionals="20" coveredconditionals="15" methods="2" coveredmethods="2"/>
        <line num="12" count="1" type="stmt"/>
        <line num="23" count="6" type="stmt"/>
        <line num="24" count="6" type="cond" truecount="2" falsecount="0"/>
        <line num="25" count="6" type="stmt"/>
        <line num="27" count="6" type="cond" truecount="1" falsecount="0"/>
        <line num="28" count="2" type="stmt"/>
        <line num="31" count="4" type="stmt"/>
        <line num="32" count="14" type="stmt"/>
        <line num="34" count="14" type="stmt"/>
        <line num="38" count="14" type="cond" truecount="2" falsecount="0"/>
        <line num="40" count="16" type="stmt"/>
        <line num="41" count="16" type="stmt"/>
        <line num="45" count="14" type="stmt"/>
        <line num="48" count="4" type="stmt"/>
        <line num="49" count="4" type="stmt"/>
        <line num="50" count="4" type="stmt"/>
        <line num="60" count="26" type="cond" truecount="1" falsecount="0"/>
        <line num="61" count="10" type="stmt"/>
        <line num="62" count="10" type="stmt"/>
        <line num="65" count="26" type="cond" truecount="2" falsecount="0"/>
        <line num="66" count="15" type="cond" truecount="3" falsecount="1"/>
        <line num="67" count="11" type="cond" truecount="1" falsecount="1"/>
        <line num="68" count="11" type="cond" truecount="3" falsecount="1"/>
        <line num="70" count="0" type="stmt"/>
        <line num="74" count="1" type="stmt"/>
      </file>
    </package>
    <package name="src.lib.sorts.native">
      <metrics statements="18" coveredstatements="18" conditionals="12" coveredconditionals="11" methods="2" coveredmethods="2"/>
      <file name="index.ts" path="/Users/williampeiyuan/Documents/algo-lib/src/lib/sorts/native/index.ts">
        <metrics statements="18" coveredstatements="18" conditionals="12" coveredconditionals="11" methods="2" coveredmethods="2"/>
        <line num="1" count="1" type="stmt"/>
        <line num="17" count="6" type="stmt"/>
        <line num="18" count="6" type="cond" truecount="2" falsecount="0"/>
        <line num="19" count="6" type="stmt"/>
        <line num="20" count="6" type="cond" truecount="1" falsecount="0"/>
        <line num="21" count="2" type="stmt"/>
        <line num="24" count="4" type="cond" truecount="2" falsecount="1"/>
        <line num="26" count="4" type="stmt"/>
        <line num="27" count="26" type="stmt"/>
        <line num="28" count="26" type="cond" truecount="2" falsecount="0"/>
        <line num="29" count="15" type="cond" truecount="2" falsecount="0"/>
        <line num="31" count="11" type="cond" truecount="2" falsecount="0"/>
        <line num="33" count="26" type="stmt"/>
        <line num="36" count="4" type="stmt"/>
        <line num="37" count="4" type="stmt"/>
        <line num="38" count="4" type="stmt"/>
        <line num="40" count="4" type="stmt"/>
        <line num="43" count="1" type="stmt"/>
      </file>
    </package>
    <package name="src.lib.sorts.selection">
      <metrics statements="20" coveredstatements="20" conditionals="12" coveredconditionals="12" methods="1" coveredmethods="1"/>
      <file name="index.ts" path="/Users/williampeiyuan/Documents/algo-lib/src/lib/sorts/selection/index.ts">
        <metrics statements="20" coveredstatements="20" conditionals="12" coveredconditionals="12" methods="1" coveredmethods="1"/>
        <line num="5" count="1" type="stmt"/>
        <line num="15" count="6" type="stmt"/>
        <line num="16" count="6" type="cond" truecount="2" falsecount="0"/>
        <line num="17" count="6" type="stmt"/>
        <line num="19" count="6" type="cond" truecount="1" falsecount="0"/>
        <line num="20" count="2" type="stmt"/>
        <line num="23" count="4" type="stmt"/>
        <line num="25" count="14" type="stmt"/>
        <line num="26" count="14" type="stmt"/>
        <line num="28" count="32" type="cond" truecount="2" falsecount="0"/>
        <line num="29" count="32" type="cond" truecount="2" falsecount="0"/>
        <line num="31" count="32" type="cond" truecount="2" falsecount="0"/>
        <line num="32" count="32" type="cond" truecount="2" falsecount="0"/>
        <line num="36" count="32" type="cond" truecount="1" falsecount="0"/>
        <line num="37" count="13" type="stmt"/>
        <line num="41" count="14" type="stmt"/>
        <line num="43" count="4" type="stmt"/>
        <line num="44" count="4" type="stmt"/>
        <line num="45" count="4" type="stmt"/>
        <line num="48" count="1" type="stmt"/>
      </file>
    </package>
    <package name="test.sorts">
      <metrics statements="7" coveredstatements="7" conditionals="9" coveredconditionals="9" methods="2" coveredmethods="2"/>
      <file name="test-cases.ts" path="/Users/williampeiyuan/Documents/algo-lib/test/sorts/test-cases.ts">
        <metrics statements="2" coveredstatements="2" conditionals="0" coveredconditionals="0" methods="0" coveredmethods="0"/>
        <line num="1" count="4" type="stmt"/>
        <line num="9" count="4" type="stmt"/>
      </file>
      <file name="test-data.ts" path="/Users/williampeiyuan/Documents/algo-lib/test/sorts/test-data.ts">
        <metrics statements="5" coveredstatements="5" conditionals="9" coveredconditionals="9" methods="2" coveredmethods="2"/>
        <line num="1" count="4" type="stmt"/>
        <line num="3" count="4" type="stmt"/>
        <line num="5" count="16" type="stmt"/>
        <line num="18" count="16" type="stmt"/>
        <line num="39" count="4" type="stmt"/>
      </file>
    </package>
  </project>
</coverage>
