{"/Users/williampeiyuan/Documents/algo-lib/src/lib/helpers/index.ts": {"path":"/Users/williampeiyuan/Documents/algo-lib/src/lib/helpers/index.ts","statementMap":{"0":{"start":{"line":2,"column":18},"end":{"line":2,"column":34}},"1":{"start":{"line":2,"column":24},"end":{"line":2,"column":34}},"2":{"start":{"line":13,"column":9},"end":{"line":13,"column":18}},"3":{"start":{"line":3,"column":16},"end":{"line":3,"column":32}},"4":{"start":{"line":3,"column":22},"end":{"line":3,"column":32}},"5":{"start":{"line":13,"column":20},"end":{"line":13,"column":27}},"6":{"start":{"line":4,"column":24},"end":{"line":4,"column":57}},"7":{"start":{"line":4,"column":51},"end":{"line":4,"column":57}},"8":{"start":{"line":13,"column":29},"end":{"line":13,"column":44}},"9":{"start":{"line":5,"column":14},"end":{"line":5,"column":59}},"10":{"start":{"line":5,"column":44},"end":{"line":5,"column":59}},"11":{"start":{"line":13,"column":46},"end":{"line":13,"column":51}},"12":{"start":{"line":6,"column":15},"end":{"line":6,"column":62}},"13":{"start":{"line":6,"column":46},"end":{"line":6,"column":62}},"14":{"start":{"line":13,"column":53},"end":{"line":13,"column":59}},"15":{"start":{"line":8,"column":16},"end":{"line":9,"column":50}},"16":{"start":{"line":9,"column":1},"end":{"line":9,"column":50}},"17":{"start":{"line":13,"column":61},"end":{"line":13,"column":68}},"18":{"start":{"line":10,"column":17},"end":{"line":11,"column":29}},"19":{"start":{"line":11,"column":1},"end":{"line":11,"column":29}},"20":{"start":{"line":13,"column":70},"end":{"line":13,"column":78}}},"fnMap":{"0":{"name":"(anonymous_0)","decl":{"start":{"line":2,"column":18},"end":{"line":2,"column":21}},"loc":{"start":{"line":2,"column":24},"end":{"line":2,"column":34}}},"1":{"name":"(anonymous_1)","decl":{"start":{"line":3,"column":16},"end":{"line":3,"column":19}},"loc":{"start":{"line":3,"column":22},"end":{"line":3,"column":32}}},"2":{"name":"(anonymous_2)","decl":{"start":{"line":4,"column":24},"end":{"line":4,"column":25}},"loc":{"start":{"line":4,"column":51},"end":{"line":4,"column":57}}},"3":{"name":"(anonymous_3)","decl":{"start":{"line":5,"column":14},"end":{"line":5,"column":15}},"loc":{"start":{"line":5,"column":44},"end":{"line":5,"column":59}}},"4":{"name":"(anonymous_4)","decl":{"start":{"line":6,"column":15},"end":{"line":6,"column":16}},"loc":{"start":{"line":6,"column":46},"end":{"line":6,"column":62}}},"5":{"name":"(anonymous_5)","decl":{"start":{"line":8,"column":16},"end":{"line":8,"column":17}},"loc":{"start":{"line":9,"column":1},"end":{"line":9,"column":50}}},"6":{"name":"(anonymous_6)","decl":{"start":{"line":10,"column":17},"end":{"line":10,"column":18}},"loc":{"start":{"line":11,"column":1},"end":{"line":11,"column":29}}}},"branchMap":{"0":{"loc":{"start":{"line":5,"column":15},"end":{"line":5,"column":39}},"type":"default-arg","locations":[{"start":{"line":5,"column":34},"end":{"line":5,"column":39}}]},"1":{"loc":{"start":{"line":6,"column":16},"end":{"line":6,"column":41}},"type":"default-arg","locations":[{"start":{"line":6,"column":35},"end":{"line":6,"column":41}}]},"2":{"loc":{"start":{"line":9,"column":1},"end":{"line":9,"column":50}},"type":"binary-expr","locations":[{"start":{"line":9,"column":1},"end":{"line":9,"column":29}},{"start":{"line":9,"column":33},"end":{"line":9,"column":50}}]}},"s":{"0":4,"1":24,"2":4,"3":4,"4":16,"5":4,"6":4,"7":16,"8":4,"9":4,"10":212,"11":4,"12":4,"13":11,"14":4,"15":4,"16":136,"17":4,"18":4,"19":26,"20":4},"f":{"0":24,"1":16,"2":16,"3":212,"4":11,"5":136,"6":26},"b":{"0":[0],"1":[0],"2":[136,52]}}
,"/Users/williampeiyuan/Documents/algo-lib/src/lib/sorts/bubble/index.ts": {"path":"/Users/williampeiyuan/Documents/algo-lib/src/lib/sorts/bubble/index.ts","statementMap":{"0":{"start":{"line":13,"column":0},"end":{"line":13,"column":null}},"1":{"start":{"line":23,"column":12},"end":{"line":23,"column":23}},"2":{"start":{"line":24,"column":42},"end":{"line":24,"column":47}},"3":{"start":{"line":25,"column":19},"end":{"line":25,"column":29}},"4":{"start":{"line":27,"column":1},"end":{"line":29,"column":null}},"5":{"start":{"line":28,"column":2},"end":{"line":28,"column":null}},"6":{"start":{"line":31,"column":1},"end":{"line":31,"column":null}},"7":{"start":{"line":31,"column":30},"end":{"line":31,"column":null}},"8":{"start":{"line":32,"column":1},"end":{"line":46,"column":null}},"9":{"start":{"line":32,"column":14},"end":{"line":32,"column":15}},"10":{"start":{"line":33,"column":2},"end":{"line":45,"column":null}},"11":{"start":{"line":33,"column":15},"end":{"line":33,"column":16}},"12":{"start":{"line":34,"column":19},"end":{"line":34,"column":43}},"13":{"start":{"line":35,"column":20},"end":{"line":35,"column":44}},"14":{"start":{"line":37,"column":18},"end":{"line":37,"column":74}},"15":{"start":{"line":38,"column":19},"end":{"line":40,"column":19}},"16":{"start":{"line":42,"column":3},"end":{"line":44,"column":null}},"17":{"start":{"line":43,"column":5},"end":{"line":43,"column":49}},"18":{"start":{"line":47,"column":12},"end":{"line":47,"column":21}},"19":{"start":{"line":48,"column":22},"end":{"line":48,"column":45}},"20":{"start":{"line":49,"column":1},"end":{"line":49,"column":null}},"21":{"start":{"line":52,"column":0},"end":{"line":52,"column":null}}},"fnMap":{"0":{"name":"bubble","decl":{"start":{"line":22,"column":9},"end":{"line":22,"column":15}},"loc":{"start":{"line":22,"column":32},"end":{"line":50,"column":1}}}},"branchMap":{"0":{"loc":{"start":{"line":24,"column":14},"end":{"line":24,"column":27}},"type":"default-arg","locations":[{"start":{"line":24,"column":22},"end":{"line":24,"column":27}}]},"1":{"loc":{"start":{"line":24,"column":29},"end":{"line":24,"column":37}},"type":"default-arg","locations":[{"start":{"line":24,"column":35},"end":{"line":24,"column":37}}]},"2":{"loc":{"start":{"line":27,"column":1},"end":{"line":29,"column":null}},"type":"if","locations":[{"start":{"line":27,"column":1},"end":{"line":29,"column":null}}]},"3":{"loc":{"start":{"line":31,"column":1},"end":{"line":31,"column":null}},"type":"if","locations":[{"start":{"line":31,"column":1},"end":{"line":31,"column":null}}]},"4":{"loc":{"start":{"line":31,"column":5},"end":{"line":31,"column":28}},"type":"binary-expr","locations":[{"start":{"line":31,"column":5},"end":{"line":31,"column":20}},{"start":{"line":31,"column":24},"end":{"line":31,"column":28}}]},"5":{"loc":{"start":{"line":34,"column":19},"end":{"line":34,"column":43}},"type":"cond-expr","locations":[{"start":{"line":34,"column":34},"end":{"line":34,"column":35}},{"start":{"line":34,"column":38},"end":{"line":34,"column":43}}]},"6":{"loc":{"start":{"line":35,"column":20},"end":{"line":35,"column":44}},"type":"cond-expr","locations":[{"start":{"line":35,"column":35},"end":{"line":35,"column":40}},{"start":{"line":35,"column":43},"end":{"line":35,"column":44}}]},"7":{"loc":{"start":{"line":37,"column":18},"end":{"line":37,"column":74}},"type":"cond-expr","locations":[{"start":{"line":37,"column":42},"end":{"line":37,"column":59}},{"start":{"line":37,"column":62},"end":{"line":37,"column":74}}]},"8":{"loc":{"start":{"line":38,"column":19},"end":{"line":40,"column":19}},"type":"cond-expr","locations":[{"start":{"line":39,"column":6},"end":{"line":39,"column":24}},{"start":{"line":40,"column":6},"end":{"line":40,"column":19}}]},"9":{"loc":{"start":{"line":42,"column":3},"end":{"line":44,"column":null}},"type":"if","locations":[{"start":{"line":42,"column":3},"end":{"line":44,"column":null}}]}},"s":{"0":1,"1":6,"2":6,"3":6,"4":6,"5":2,"6":4,"7":0,"8":4,"9":4,"10":18,"11":18,"12":32,"13":32,"14":32,"15":32,"16":32,"17":16,"18":4,"19":4,"20":4,"21":1},"f":{"0":6},"b":{"0":[4],"1":[4],"2":[2],"3":[0],"4":[4,2],"5":[16,16],"6":[16,16],"7":[12,20],"8":[12,20],"9":[16]}}
,"/Users/williampeiyuan/Documents/algo-lib/src/lib/sorts/insertion/index.ts": {"path":"/Users/williampeiyuan/Documents/algo-lib/src/lib/sorts/insertion/index.ts","statementMap":{"0":{"start":{"line":12,"column":0},"end":{"line":12,"column":null}},"1":{"start":{"line":23,"column":12},"end":{"line":23,"column":23}},"2":{"start":{"line":24,"column":42},"end":{"line":24,"column":47}},"3":{"start":{"line":25,"column":19},"end":{"line":25,"column":29}},"4":{"start":{"line":27,"column":1},"end":{"line":29,"column":null}},"5":{"start":{"line":28,"column":2},"end":{"line":28,"column":null}},"6":{"start":{"line":31,"column":1},"end":{"line":46,"column":null}},"7":{"start":{"line":31,"column":14},"end":{"line":31,"column":15}},"8":{"start":{"line":32,"column":19},"end":{"line":32,"column":25}},"9":{"start":{"line":34,"column":10},"end":{"line":34,"column":15}},"10":{"start":{"line":38,"column":2},"end":{"line":42,"column":null}},"11":{"start":{"line":40,"column":3},"end":{"line":40,"column":null}},"12":{"start":{"line":41,"column":3},"end":{"line":41,"column":null}},"13":{"start":{"line":45,"column":2},"end":{"line":45,"column":null}},"14":{"start":{"line":48,"column":12},"end":{"line":48,"column":21}},"15":{"start":{"line":49,"column":22},"end":{"line":49,"column":45}},"16":{"start":{"line":50,"column":1},"end":{"line":50,"column":null}},"17":{"start":{"line":60,"column":1},"end":{"line":63,"column":null}},"18":{"start":{"line":61,"column":2},"end":{"line":61,"column":null}},"19":{"start":{"line":62,"column":2},"end":{"line":62,"column":null}},"20":{"start":{"line":65,"column":1},"end":{"line":71,"column":null}},"21":{"start":{"line":66,"column":2},"end":{"line":66,"column":null}},"22":{"start":{"line":67,"column":8},"end":{"line":71,"column":null}},"23":{"start":{"line":68,"column":2},"end":{"line":68,"column":null}},"24":{"start":{"line":70,"column":2},"end":{"line":70,"column":null}},"25":{"start":{"line":74,"column":0},"end":{"line":74,"column":null}}},"fnMap":{"0":{"name":"insertion","decl":{"start":{"line":22,"column":9},"end":{"line":22,"column":18}},"loc":{"start":{"line":22,"column":35},"end":{"line":51,"column":1}}},"1":{"name":"compare","decl":{"start":{"line":54,"column":9},"end":{"line":54,"column":16}},"loc":{"start":{"line":58,"column":14},"end":{"line":72,"column":1}}}},"branchMap":{"0":{"loc":{"start":{"line":24,"column":14},"end":{"line":24,"column":27}},"type":"default-arg","locations":[{"start":{"line":24,"column":22},"end":{"line":24,"column":27}}]},"1":{"loc":{"start":{"line":24,"column":29},"end":{"line":24,"column":37}},"type":"default-arg","locations":[{"start":{"line":24,"column":35},"end":{"line":24,"column":37}}]},"2":{"loc":{"start":{"line":27,"column":1},"end":{"line":29,"column":null}},"type":"if","locations":[{"start":{"line":27,"column":1},"end":{"line":29,"column":null}}]},"3":{"loc":{"start":{"line":38,"column":9},"end":{"line":38,"column":62}},"type":"binary-expr","locations":[{"start":{"line":38,"column":9},"end":{"line":38,"column":15}},{"start":{"line":38,"column":19},"end":{"line":38,"column":62}}]},"4":{"loc":{"start":{"line":57,"column":1},"end":{"line":57,"column":9}},"type":"default-arg","locations":[{"start":{"line":57,"column":7},"end":{"line":57,"column":9}}]},"5":{"loc":{"start":{"line":58,"column":1},"end":{"line":58,"column":14}},"type":"default-arg","locations":[{"start":{"line":58,"column":9},"end":{"line":58,"column":14}}]},"6":{"loc":{"start":{"line":60,"column":1},"end":{"line":63,"column":null}},"type":"if","locations":[{"start":{"line":60,"column":1},"end":{"line":63,"column":null}}]},"7":{"loc":{"start":{"line":65,"column":1},"end":{"line":71,"column":null}},"type":"if","locations":[{"start":{"line":65,"column":1},"end":{"line":71,"column":null}},{"start":{"line":67,"column":8},"end":{"line":71,"column":null}}]},"8":{"loc":{"start":{"line":66,"column":9},"end":{"line":66,"column":35}},"type":"cond-expr","locations":[{"start":{"line":66,"column":17},"end":{"line":66,"column":19}},{"start":{"line":66,"column":22},"end":{"line":66,"column":35}}]},"9":{"loc":{"start":{"line":66,"column":22},"end":{"line":66,"column":35}},"type":"cond-expr","locations":[{"start":{"line":66,"column":30},"end":{"line":66,"column":31}},{"start":{"line":66,"column":34},"end":{"line":66,"column":35}}]},"10":{"loc":{"start":{"line":67,"column":8},"end":{"line":71,"column":null}},"type":"if","locations":[{"start":{"line":67,"column":8},"end":{"line":71,"column":null}},{"start":{"line":69,"column":8},"end":{"line":71,"column":null}}]},"11":{"loc":{"start":{"line":68,"column":9},"end":{"line":68,"column":35}},"type":"cond-expr","locations":[{"start":{"line":68,"column":17},"end":{"line":68,"column":19}},{"start":{"line":68,"column":22},"end":{"line":68,"column":35}}]},"12":{"loc":{"start":{"line":68,"column":22},"end":{"line":68,"column":35}},"type":"cond-expr","locations":[{"start":{"line":68,"column":30},"end":{"line":68,"column":31}},{"start":{"line":68,"column":34},"end":{"line":68,"column":35}}]}},"s":{"0":1,"1":6,"2":6,"3":6,"4":6,"5":2,"6":4,"7":4,"8":14,"9":14,"10":14,"11":16,"12":16,"13":14,"14":4,"15":4,"16":4,"17":26,"18":10,"19":10,"20":26,"21":15,"22":11,"23":11,"24":0,"25":1},"f":{"0":6,"1":26},"b":{"0":[4],"1":[4],"2":[2],"3":[30,26],"4":[0],"5":[0],"6":[10],"7":[15,11],"8":[4,11],"9":[11,0],"10":[11,0],"11":[6,5],"12":[5,0]}}
,"/Users/williampeiyuan/Documents/algo-lib/src/lib/sorts/native/index.ts": {"path":"/Users/williampeiyuan/Documents/algo-lib/src/lib/sorts/native/index.ts","statementMap":{"0":{"start":{"line":1,"column":0},"end":{"line":1,"column":null}},"1":{"start":{"line":17,"column":12},"end":{"line":17,"column":23}},"2":{"start":{"line":18,"column":42},"end":{"line":18,"column":47}},"3":{"start":{"line":19,"column":19},"end":{"line":19,"column":29}},"4":{"start":{"line":20,"column":1},"end":{"line":22,"column":null}},"5":{"start":{"line":21,"column":2},"end":{"line":21,"column":null}},"6":{"start":{"line":24,"column":1},"end":{"line":24,"column":null}},"7":{"start":{"line":24,"column":30},"end":{"line":24,"column":null}},"8":{"start":{"line":26,"column":12},"end":{"line":34,"column":2}},"9":{"start":{"line":27,"column":15},"end":{"line":27,"column":19}},"10":{"start":{"line":28,"column":2},"end":{"line":32,"column":null}},"11":{"start":{"line":29,"column":3},"end":{"line":29,"column":null}},"12":{"start":{"line":31,"column":3},"end":{"line":31,"column":null}},"13":{"start":{"line":33,"column":2},"end":{"line":33,"column":null}},"14":{"start":{"line":36,"column":29},"end":{"line":36,"column":41}},"15":{"start":{"line":37,"column":12},"end":{"line":37,"column":21}},"16":{"start":{"line":38,"column":22},"end":{"line":38,"column":45}},"17":{"start":{"line":40,"column":1},"end":{"line":40,"column":null}},"18":{"start":{"line":43,"column":0},"end":{"line":43,"column":null}}},"fnMap":{"0":{"name":"native","decl":{"start":{"line":16,"column":9},"end":{"line":16,"column":15}},"loc":{"start":{"line":16,"column":32},"end":{"line":41,"column":1}}},"1":{"name":"(anonymous_1)","decl":{"start":{"line":26,"column":12},"end":{"line":26,"column":13}},"loc":{"start":{"line":26,"column":61},"end":{"line":34,"column":2}}}},"branchMap":{"0":{"loc":{"start":{"line":18,"column":14},"end":{"line":18,"column":27}},"type":"default-arg","locations":[{"start":{"line":18,"column":22},"end":{"line":18,"column":27}}]},"1":{"loc":{"start":{"line":18,"column":29},"end":{"line":18,"column":37}},"type":"default-arg","locations":[{"start":{"line":18,"column":35},"end":{"line":18,"column":37}}]},"2":{"loc":{"start":{"line":20,"column":1},"end":{"line":22,"column":null}},"type":"if","locations":[{"start":{"line":20,"column":1},"end":{"line":22,"column":null}}]},"3":{"loc":{"start":{"line":24,"column":1},"end":{"line":24,"column":null}},"type":"if","locations":[{"start":{"line":24,"column":1},"end":{"line":24,"column":null}}]},"4":{"loc":{"start":{"line":24,"column":5},"end":{"line":24,"column":28}},"type":"binary-expr","locations":[{"start":{"line":24,"column":5},"end":{"line":24,"column":20}},{"start":{"line":24,"column":24},"end":{"line":24,"column":28}}]},"5":{"loc":{"start":{"line":28,"column":2},"end":{"line":32,"column":null}},"type":"if","locations":[{"start":{"line":28,"column":2},"end":{"line":32,"column":null}},{"start":{"line":30,"column":9},"end":{"line":32,"column":null}}]},"6":{"loc":{"start":{"line":29,"column":12},"end":{"line":29,"column":40}},"type":"cond-expr","locations":[{"start":{"line":29,"column":27},"end":{"line":29,"column":32}},{"start":{"line":29,"column":35},"end":{"line":29,"column":40}}]},"7":{"loc":{"start":{"line":31,"column":12},"end":{"line":31,"column":60}},"type":"cond-expr","locations":[{"start":{"line":31,"column":27},"end":{"line":31,"column":42}},{"start":{"line":31,"column":45},"end":{"line":31,"column":60}}]}},"s":{"0":1,"1":6,"2":6,"3":6,"4":6,"5":2,"6":4,"7":0,"8":4,"9":26,"10":26,"11":15,"12":11,"13":26,"14":4,"15":4,"16":4,"17":4,"18":1},"f":{"0":6,"1":26},"b":{"0":[4],"1":[4],"2":[2],"3":[0],"4":[4,2],"5":[15,11],"6":[8,7],"7":[6,5]}}
,"/Users/williampeiyuan/Documents/algo-lib/src/lib/sorts/selection/index.ts": {"path":"/Users/williampeiyuan/Documents/algo-lib/src/lib/sorts/selection/index.ts","statementMap":{"0":{"start":{"line":5,"column":0},"end":{"line":5,"column":null}},"1":{"start":{"line":15,"column":12},"end":{"line":15,"column":23}},"2":{"start":{"line":16,"column":42},"end":{"line":16,"column":47}},"3":{"start":{"line":17,"column":19},"end":{"line":17,"column":29}},"4":{"start":{"line":19,"column":1},"end":{"line":21,"column":null}},"5":{"start":{"line":20,"column":2},"end":{"line":20,"column":null}},"6":{"start":{"line":23,"column":1},"end":{"line":42,"column":null}},"7":{"start":{"line":23,"column":14},"end":{"line":23,"column":15}},"8":{"start":{"line":25,"column":12},"end":{"line":25,"column":13}},"9":{"start":{"line":26,"column":2},"end":{"line":39,"column":null}},"10":{"start":{"line":26,"column":15},"end":{"line":26,"column":20}},"11":{"start":{"line":28,"column":19},"end":{"line":28,"column":41}},"12":{"start":{"line":29,"column":20},"end":{"line":29,"column":42}},"13":{"start":{"line":31,"column":18},"end":{"line":31,"column":74}},"14":{"start":{"line":32,"column":19},"end":{"line":34,"column":19}},"15":{"start":{"line":36,"column":3},"end":{"line":38,"column":null}},"16":{"start":{"line":37,"column":4},"end":{"line":37,"column":null}},"17":{"start":{"line":41,"column":3},"end":{"line":41,"column":null}},"18":{"start":{"line":43,"column":12},"end":{"line":43,"column":21}},"19":{"start":{"line":44,"column":22},"end":{"line":44,"column":45}},"20":{"start":{"line":45,"column":1},"end":{"line":45,"column":null}},"21":{"start":{"line":48,"column":0},"end":{"line":48,"column":null}}},"fnMap":{"0":{"name":"selection","decl":{"start":{"line":14,"column":9},"end":{"line":14,"column":18}},"loc":{"start":{"line":14,"column":35},"end":{"line":46,"column":1}}}},"branchMap":{"0":{"loc":{"start":{"line":16,"column":14},"end":{"line":16,"column":27}},"type":"default-arg","locations":[{"start":{"line":16,"column":22},"end":{"line":16,"column":27}}]},"1":{"loc":{"start":{"line":16,"column":29},"end":{"line":16,"column":37}},"type":"default-arg","locations":[{"start":{"line":16,"column":35},"end":{"line":16,"column":37}}]},"2":{"loc":{"start":{"line":19,"column":1},"end":{"line":21,"column":null}},"type":"if","locations":[{"start":{"line":19,"column":1},"end":{"line":21,"column":null}}]},"3":{"loc":{"start":{"line":28,"column":19},"end":{"line":28,"column":41}},"type":"cond-expr","locations":[{"start":{"line":28,"column":34},"end":{"line":28,"column":35}},{"start":{"line":28,"column":38},"end":{"line":28,"column":41}}]},"4":{"loc":{"start":{"line":29,"column":20},"end":{"line":29,"column":42}},"type":"cond-expr","locations":[{"start":{"line":29,"column":35},"end":{"line":29,"column":38}},{"start":{"line":29,"column":41},"end":{"line":29,"column":42}}]},"5":{"loc":{"start":{"line":31,"column":18},"end":{"line":31,"column":74}},"type":"cond-expr","locations":[{"start":{"line":31,"column":42},"end":{"line":31,"column":59}},{"start":{"line":31,"column":62},"end":{"line":31,"column":74}}]},"6":{"loc":{"start":{"line":32,"column":19},"end":{"line":34,"column":19}},"type":"cond-expr","locations":[{"start":{"line":33,"column":6},"end":{"line":33,"column":24}},{"start":{"line":34,"column":6},"end":{"line":34,"column":19}}]},"7":{"loc":{"start":{"line":36,"column":3},"end":{"line":38,"column":null}},"type":"if","locations":[{"start":{"line":36,"column":3},"end":{"line":38,"column":null}}]}},"s":{"0":1,"1":6,"2":6,"3":6,"4":6,"5":2,"6":4,"7":4,"8":14,"9":14,"10":14,"11":32,"12":32,"13":32,"14":32,"15":32,"16":13,"17":14,"18":4,"19":4,"20":4,"21":1},"f":{"0":6},"b":{"0":[4],"1":[4],"2":[2],"3":[16,16],"4":[16,16],"5":[12,20],"6":[12,20],"7":[13]}}
,"/Users/williampeiyuan/Documents/algo-lib/test/sorts/test-cases.ts": {"path":"/Users/williampeiyuan/Documents/algo-lib/test/sorts/test-cases.ts","statementMap":{"0":{"start":{"line":1,"column":14},"end":{"line":7,"column":null}},"1":{"start":{"line":9,"column":9},"end":{"line":9,"column":14}}},"fnMap":{},"branchMap":{},"s":{"0":4,"1":4},"f":{},"b":{}}
,"/Users/williampeiyuan/Documents/algo-lib/test/sorts/test-data.ts": {"path":"/Users/williampeiyuan/Documents/algo-lib/test/sorts/test-data.ts","statementMap":{"0":{"start":{"line":1,"column":0},"end":{"line":1,"column":45}},"1":{"start":{"line":3,"column":17},"end":{"line":37,"column":null}},"2":{"start":{"line":5,"column":2},"end":{"line":15,"column":null}},"3":{"start":{"line":18,"column":2},"end":{"line":35,"column":null}},"4":{"start":{"line":39,"column":9},"end":{"line":39,"column":17}}},"fnMap":{"0":{"name":"(anonymous_0)","decl":{"start":{"line":4,"column":11},"end":{"line":4,"column":12}},"loc":{"start":{"line":4,"column":36},"end":{"line":16,"column":2}}},"1":{"name":"(anonymous_1)","decl":{"start":{"line":17,"column":9},"end":{"line":17,"column":10}},"loc":{"start":{"line":17,"column":49},"end":{"line":36,"column":2}}}},"branchMap":{"0":{"loc":{"start":{"line":4,"column":12},"end":{"line":4,"column":32}},"type":"default-arg","locations":[{"start":{"line":4,"column":30},"end":{"line":4,"column":32}}]},"1":{"loc":{"start":{"line":4,"column":14},"end":{"line":4,"column":25}},"type":"default-arg","locations":[{"start":{"line":4,"column":20},"end":{"line":4,"column":25}}]},"2":{"loc":{"start":{"line":17,"column":10},"end":{"line":17,"column":45}},"type":"default-arg","locations":[{"start":{"line":17,"column":43},"end":{"line":17,"column":45}}]},"3":{"loc":{"start":{"line":17,"column":12},"end":{"line":17,"column":23}},"type":"default-arg","locations":[{"start":{"line":17,"column":18},"end":{"line":17,"column":23}}]},"4":{"loc":{"start":{"line":17,"column":25},"end":{"line":17,"column":38}},"type":"default-arg","locations":[{"start":{"line":17,"column":33},"end":{"line":17,"column":38}}]},"5":{"loc":{"start":{"line":20,"column":13},"end":{"line":20,"column":61}},"type":"cond-expr","locations":[{"start":{"line":20,"column":28},"end":{"line":20,"column":43}},{"start":{"line":20,"column":46},"end":{"line":20,"column":61}}]},"6":{"loc":{"start":{"line":21,"column":13},"end":{"line":33,"column":null}},"type":"cond-expr","locations":[{"start":{"line":22,"column":7},"end":{"line":27,"column":null}},{"start":{"line":28,"column":7},"end":{"line":33,"column":null}}]}},"s":{"0":4,"1":4,"2":16,"3":16,"4":4},"f":{"0":16,"1":16},"b":{"0":[12],"1":[12],"2":[4],"3":[12],"4":[8],"5":[8,8],"6":[8,8]}}
}
