TN:
SF:src/lib/helpers/index.ts
FN:2,(anonymous_0)
FN:3,(anonymous_1)
FN:4,(anonymous_2)
FN:5,(anonymous_3)
FN:6,(anonymous_4)
FN:8,(anonymous_5)
FN:10,(anonymous_6)
FNF:7
FNH:7
FNDA:24,(anonymous_0)
FNDA:16,(anonymous_1)
FNDA:16,(anonymous_2)
FNDA:212,(anonymous_3)
FNDA:11,(anonymous_4)
FNDA:136,(anonymous_5)
FNDA:26,(anonymous_6)
DA:2,24
DA:3,16
DA:4,16
DA:5,212
DA:6,11
DA:8,4
DA:9,136
DA:10,4
DA:11,26
DA:13,4
LF:10
LH:10
BRDA:5,0,0,0
BRDA:6,1,0,0
BRDA:9,2,0,136
BRDA:9,2,1,52
BRF:4
BRH:2
end_of_record
TN:
SF:src/lib/sorts/bubble/index.ts
FN:22,bubble
FNF:1
FNH:1
FNDA:6,bubble
DA:13,1
DA:23,6
DA:24,6
DA:25,6
DA:27,6
DA:28,2
DA:31,4
DA:32,4
DA:33,18
DA:34,32
DA:35,32
DA:37,32
DA:38,32
DA:42,32
DA:43,16
DA:47,4
DA:48,4
DA:49,4
DA:52,1
LF:19
LH:19
BRDA:24,0,0,4
BRDA:24,1,0,4
BRDA:27,2,0,2
BRDA:31,3,0,0
BRDA:31,4,0,4
BRDA:31,4,1,2
BRDA:34,5,0,16
BRDA:34,5,1,16
BRDA:35,6,0,16
BRDA:35,6,1,16
BRDA:37,7,0,12
BRDA:37,7,1,20
BRDA:38,8,0,12
BRDA:38,8,1,20
BRDA:42,9,0,16
BRF:15
BRH:14
end_of_record
TN:
SF:src/lib/sorts/insertion/index.ts
FN:22,insertion
FN:54,compare
FNF:2
FNH:2
FNDA:6,insertion
FNDA:26,compare
DA:12,1
DA:23,6
DA:24,6
DA:25,6
DA:27,6
DA:28,2
DA:31,4
DA:32,14
DA:34,14
DA:38,14
DA:40,16
DA:41,16
DA:45,14
DA:48,4
DA:49,4
DA:50,4
DA:60,26
DA:61,10
DA:62,10
DA:65,26
DA:66,15
DA:67,11
DA:68,11
DA:70,0
DA:74,1
LF:25
LH:24
BRDA:24,0,0,4
BRDA:24,1,0,4
BRDA:27,2,0,2
BRDA:38,3,0,30
BRDA:38,3,1,26
BRDA:57,4,0,0
BRDA:58,5,0,0
BRDA:60,6,0,10
BRDA:65,7,0,15
BRDA:65,7,1,11
BRDA:66,8,0,4
BRDA:66,8,1,11
BRDA:66,9,0,11
BRDA:66,9,1,0
BRDA:67,10,0,11
BRDA:67,10,1,0
BRDA:68,11,0,6
BRDA:68,11,1,5
BRDA:68,12,0,5
BRDA:68,12,1,0
BRF:20
BRH:15
end_of_record
TN:
SF:src/lib/sorts/native/index.ts
FN:16,native
FN:26,(anonymous_1)
FNF:2
FNH:2
FNDA:6,native
FNDA:26,(anonymous_1)
DA:1,1
DA:17,6
DA:18,6
DA:19,6
DA:20,6
DA:21,2
DA:24,4
DA:26,4
DA:27,26
DA:28,26
DA:29,15
DA:31,11
DA:33,26
DA:36,4
DA:37,4
DA:38,4
DA:40,4
DA:43,1
LF:18
LH:18
BRDA:18,0,0,4
BRDA:18,1,0,4
BRDA:20,2,0,2
BRDA:24,3,0,0
BRDA:24,4,0,4
BRDA:24,4,1,2
BRDA:28,5,0,15
BRDA:28,5,1,11
BRDA:29,6,0,8
BRDA:29,6,1,7
BRDA:31,7,0,6
BRDA:31,7,1,5
BRF:12
BRH:11
end_of_record
TN:
SF:src/lib/sorts/selection/index.ts
FN:14,selection
FNF:1
FNH:1
FNDA:6,selection
DA:5,1
DA:15,6
DA:16,6
DA:17,6
DA:19,6
DA:20,2
DA:23,4
DA:25,14
DA:26,14
DA:28,32
DA:29,32
DA:31,32
DA:32,32
DA:36,32
DA:37,13
DA:41,14
DA:43,4
DA:44,4
DA:45,4
DA:48,1
LF:20
LH:20
BRDA:16,0,0,4
BRDA:16,1,0,4
BRDA:19,2,0,2
BRDA:28,3,0,16
BRDA:28,3,1,16
BRDA:29,4,0,16
BRDA:29,4,1,16
BRDA:31,5,0,12
BRDA:31,5,1,20
BRDA:32,6,0,12
BRDA:32,6,1,20
BRDA:36,7,0,13
BRF:12
BRH:12
end_of_record
TN:
SF:test/sorts/test-cases.ts
FNF:0
FNH:0
DA:1,4
DA:9,4
LF:2
LH:2
BRF:0
BRH:0
end_of_record
TN:
SF:test/sorts/test-data.ts
FN:4,(anonymous_0)
FN:17,(anonymous_1)
FNF:2
FNH:2
FNDA:16,(anonymous_0)
FNDA:16,(anonymous_1)
DA:1,4
DA:3,4
DA:5,16
DA:18,16
DA:39,4
LF:5
LH:5
BRDA:4,0,0,12
BRDA:4,1,0,12
BRDA:17,2,0,4
BRDA:17,3,0,12
BRDA:17,4,0,8
BRDA:20,5,0,8
BRDA:20,5,1,8
BRDA:21,6,0,8
BRDA:21,6,1,8
BRF:9
BRH:9
end_of_record
